{
  "RSpec": {
    "coverage": {
      "/Users/moinstla/Desktop/ordinary_wonder_photography/spec/controllers/home_controller_spec.rb": [
        1,
        null,
        1,
        null,
        1,
        1,
        1,
        1,
        null,
        null,
        null,
        null
      ],
      "/Users/moinstla/Desktop/ordinary_wonder_photography/spec/rails_helper.rb": [
        null,
        1,
        1,
        1,
        null,
        1,
        1,
        null,
        null,
        null,
        null,
        null,
        null,
        null,
        null,
        null,
        null,
        null,
        null,
        null,
        null,
        null,
        null,
        null,
        null,
        null,
        1,
        null,
        1,
        null,
        1,
        null,
        null,
        null,
        null,
        1,
        null,
        null,
        null,
        null,
        null,
        null,
        null,
        null,
        null,
        null,
        null,
        null,
        null,
        null,
        1,
        null,
        null,
        1,
        null,
        null,
        null,
        1,
        1,
        1,
        1,
        null,
        null,
        1,
        1,
        null
      ],
      "/Users/moinstla/Desktop/ordinary_wonder_photography/config/environment.rb": [
        null,
        1,
        null,
        null,
        1
      ],
      "/Users/moinstla/Desktop/ordinary_wonder_photography/config/application.rb": [
        1,
        null,
        1,
        null,
        1,
        1,
        1,
        1,
        1,
        1,
        1,
        1,
        null,
        null,
        null,
        null,
        1,
        null,
        1,
        1,
        null,
        1,
        null,
        null,
        null,
        null,
        null,
        null,
        1,
        null,
        null
      ],
      "/Users/moinstla/Desktop/ordinary_wonder_photography/config/boot.rb": [
        1,
        null,
        1
      ],
      "/Users/moinstla/Desktop/ordinary_wonder_photography/config/environments/test.rb": [
        1,
        null,
        null,
        null,
        null,
        null,
        null,
        1,
        null,
        null,
        null,
        null,
        1,
        null,
        null,
        1,
        1,
        null,
        null,
        null,
        null,
        1,
        1,
        null,
        null,
        1,
        null,
        null,
        1,
        1,
        null,
        null,
        null,
        null,
        1,
        null,
        null,
        1,
        1,
        null,
        null,
        null,
        null
      ],
      "/Users/moinstla/Desktop/ordinary_wonder_photography/config/initializers/application_controller_renderer.rb": [
        null,
        null,
        null,
        null,
        null,
        null
      ],
      "/Users/moinstla/Desktop/ordinary_wonder_photography/config/initializers/assets.rb": [
        null,
        null,
        null,
        1,
        null,
        null,
        null,
        null,
        1,
        null,
        null,
        null,
        null,
        null
      ],
      "/Users/moinstla/Desktop/ordinary_wonder_photography/config/initializers/backtrace_silencers.rb": [
        null,
        null,
        null,
        null,
        null,
        null,
        null
      ],
      "/Users/moinstla/Desktop/ordinary_wonder_photography/config/initializers/cookies_serializer.rb": [
        null,
        null,
        null,
        null,
        1
      ],
      "/Users/moinstla/Desktop/ordinary_wonder_photography/config/initializers/devise.rb": [
        null,
        null,
        1,
        null,
        null,
        null,
        null,
        null,
        null,
        null,
        null,
        null,
        null,
        null,
        1,
        null,
        null,
        null,
        null,
        null,
        null,
        null,
        null,
        null,
        null,
        null,
        1,
        null,
        null,
        null,
        null,
        null,
        null,
        null,
        null,
        null,
        null,
        null,
        null,
        null,
        null,
        null,
        null,
        null,
        null,
        null,
        null,
        null,
        1,
        null,
        null,
        null,
        null,
        1,
        null,
        null,
        null,
        null,
        null,
        null,
        null,
        null,
        null,
        null,
        null,
        null,
        null,
        null,
        null,
        null,
        null,
        null,
        null,
        null,
        null,
        null,
        null,
        null,
        null,
        null,
        null,
        null,
        null,
        null,
        1,
        null,
        null,
        null,
        null,
        null,
        null,
        null,
        null,
        null,
        null,
        null,
        null,
        null,
        null,
        null,
        null,
        null,
        null,
        null,
        null,
        null,
        null,
        1,
        null,
        null,
        null,
        null,
        null,
        null,
        null,
        null,
        null,
        null,
        null,
        null,
        null,
        null,
        null,
        null,
        null,
        null,
        null,
        null,
        null,
        null,
        null,
        null,
        null,
        null,
        null,
        null,
        null,
        null,
        1,
        null,
        null,
        null,
        null,
        null,
        null,
        null,
        null,
        null,
        1,
        null,
        null,
        null,
        null,
        null,
        null,
        null,
        null,
        null,
        null,
        1,
        null,
        null,
        null,
        null,
        1,
        null,
        null,
        null,
        null,
        null,
        null,
        null,
        null,
        null,
        null,
        null,
        null,
        null,
        null,
        null,
        null,
        null,
        null,
        null,
        null,
        null,
        null,
        null,
        null,
        null,
        null,
        null,
        null,
        null,
        null,
        null,
        null,
        null,
        null,
        null,
        null,
        null,
        null,
        null,
        null,
        1,
        null,
        null,
        null,
        null,
        null,
        null,
        null,
        null,
        null,
        null,
        null,
        null,
        null,
        null,
        null,
        null,
        null,
        null,
        null,
        null,
        null,
        null,
        null,
        null,
        null,
        null,
        null,
        null,
        null,
        null,
        null,
        null,
        null,
        null,
        null,
        null,
        null,
        null,
        null,
        null,
        null,
        1,
        null,
        null,
        null,
        null,
        null,
        null,
        null,
        null,
        null,
        null,
        null,
        null,
        null,
        null,
        null,
        null,
        null,
        null,
        null,
        null,
        null,
        null,
        null,
        null,
        null,
        null,
        null,
        null,
        null
      ],
      "/Users/moinstla/Desktop/ordinary_wonder_photography/config/initializers/filter_parameter_logging.rb": [
        null,
        null,
        null,
        1
      ],
      "/Users/moinstla/Desktop/ordinary_wonder_photography/config/initializers/inflections.rb": [
        null,
        null,
        null,
        null,
        null,
        null,
        null,
        null,
        null,
        null,
        null,
        null,
        null,
        null,
        null,
        null
      ],
      "/Users/moinstla/Desktop/ordinary_wonder_photography/config/initializers/mime_types.rb": [
        null,
        null,
        null,
        null
      ],
      "/Users/moinstla/Desktop/ordinary_wonder_photography/config/initializers/wrap_parameters.rb": [
        null,
        null,
        null,
        null,
        null,
        null,
        1,
        2,
        null,
        null,
        null,
        null,
        null,
        null
      ],
      "/Users/moinstla/Desktop/ordinary_wonder_photography/config/routes.rb": [
        1,
        1,
        null,
        1,
        null,
        1,
        null,
        1,
        1,
        null,
        null
      ],
      "/Users/moinstla/Desktop/ordinary_wonder_photography/app/models/user.rb": [
        1,
        null,
        null,
        1,
        null,
        null,
        1,
        1,
        null,
        null
      ],
      "/Users/moinstla/Desktop/ordinary_wonder_photography/app/models/application_record.rb": [
        1,
        1,
        null
      ],
      "/Users/moinstla/Desktop/ordinary_wonder_photography/app/controllers/application_controller.rb": [
        1,
        1,
        1,
        1,
        1,
        null,
        1,
        0,
        null,
        null,
        1,
        null,
        1,
        0,
        0,
        0,
        null,
        null
      ],
      "/Users/moinstla/Desktop/ordinary_wonder_photography/app/helpers/application_helper.rb": [
        1,
        null
      ],
      "/Users/moinstla/Desktop/ordinary_wonder_photography/app/helpers/home_helper.rb": [
        1,
        null
      ],
      "/Users/moinstla/Desktop/ordinary_wonder_photography/app/channels/application_cable/channel.rb": [
        1,
        1,
        null,
        null
      ],
      "/Users/moinstla/Desktop/ordinary_wonder_photography/app/channels/application_cable/connection.rb": [
        1,
        1,
        null,
        null
      ],
      "/Users/moinstla/Desktop/ordinary_wonder_photography/app/controllers/home_controller.rb": [
        1,
        1,
        1,
        null,
        null
      ],
      "/Users/moinstla/Desktop/ordinary_wonder_photography/app/controllers/photos_controller.rb": [
        1,
        1,
        null,
        1,
        9,
        null,
        null,
        1,
        6,
        null,
        null,
        1,
        4,
        null,
        null,
        1,
        2,
        null,
        null,
        1,
        2,
        2,
        1,
        null,
        1,
        null,
        null,
        null,
        1,
        2,
        null,
        null,
        1,
        2,
        2,
        1,
        null,
        1,
        null,
        null,
        null,
        1,
        1,
        1,
        1,
        null,
        null,
        1,
        1,
        4,
        null,
        null
      ],
      "/Users/moinstla/Desktop/ordinary_wonder_photography/app/controllers/reviews_controller.rb": [
        1,
        1,
        2,
        2,
        null,
        null,
        1,
        2,
        2,
        2,
        1,
        null,
        1,
        null,
        null,
        null,
        1,
        0,
        0,
        0,
        0,
        null,
        1,
        1,
        2,
        null,
        null
      ],
      "/Users/moinstla/Desktop/ordinary_wonder_photography/app/jobs/application_job.rb": [
        1,
        null
      ],
      "/Users/moinstla/Desktop/ordinary_wonder_photography/app/mailers/application_mailer.rb": [
        1,
        1,
        1,
        null
      ],
      "/Users/moinstla/Desktop/ordinary_wonder_photography/app/models/photo.rb": [
        1,
        1,
        null,
        1,
        1,
        null,
        1,
        1,
        1,
        null
      ],
      "/Users/moinstla/Desktop/ordinary_wonder_photography/app/models/review.rb": [
        1,
        1,
        1,
        null
      ],
      "/Users/moinstla/Desktop/ordinary_wonder_photography/spec/factories.rb": [
        1,
        1,
        1,
        1,
        1,
        null,
        null,
        1,
        1,
        1,
        1,
        null,
        null,
        1,
        1,
        1,
        1,
        1,
        null,
        null,
        1,
        1,
        null,
        null
      ],
      "/Users/moinstla/Desktop/ordinary_wonder_photography/spec/features/photos_pages_spec.rb": [
        1,
        null,
        1,
        1,
        1,
        1,
        1,
        1,
        1,
        1,
        1,
        1,
        1,
        null,
        null,
        1,
        1,
        1,
        1,
        1,
        1,
        1,
        1,
        1,
        1,
        null,
        null,
        null,
        1,
        1,
        1,
        1,
        1,
        1,
        1,
        1,
        null,
        null,
        null,
        1,
        1,
        1,
        1,
        1,
        1,
        1,
        1,
        1,
        null,
        null,
        1,
        1,
        1,
        1,
        1,
        1,
        1,
        1,
        null,
        null,
        null,
        1,
        1,
        1,
        1,
        1,
        1,
        1,
        1,
        null,
        null
      ],
      "/Users/moinstla/Desktop/ordinary_wonder_photography/spec/features/reviews_pages_spec.rb": [
        1,
        null,
        1,
        1,
        1,
        1,
        1,
        1,
        1,
        1,
        1,
        null,
        null,
        1,
        1,
        1,
        1,
        1,
        1,
        1,
        1,
        null,
        null,
        null,
        1,
        1,
        1,
        1,
        1,
        1,
        1,
        0,
        0,
        0,
        null,
        null
      ],
      "/Users/moinstla/Desktop/ordinary_wonder_photography/spec/features/user_login_pages_spec.rb": [
        1,
        null,
        1,
        1,
        1,
        1,
        null,
        null,
        1,
        1,
        1,
        null,
        null,
        1,
        1,
        1,
        1,
        1,
        null,
        null
      ],
      "/Users/moinstla/Desktop/ordinary_wonder_photography/spec/helpers/home_helper_spec.rb": [
        null,
        null,
        null,
        null,
        null,
        null,
        null,
        null,
        null,
        null,
        null,
        null,
        null,
        null,
        null
      ],
      "/Users/moinstla/Desktop/ordinary_wonder_photography/spec/models/photo_spec.rb": [
        1,
        null,
        1,
        2,
        2,
        2,
        2,
        null
      ],
      "/Users/moinstla/Desktop/ordinary_wonder_photography/spec/models/review_spec.rb": [
        1,
        null,
        1,
        2,
        2,
        null
      ],
      "/Users/moinstla/Desktop/ordinary_wonder_photography/spec/models/user_spec.rb": [
        1,
        null,
        1,
        2,
        2,
        null
      ],
      "/Users/moinstla/Desktop/ordinary_wonder_photography/spec/views/home/index.html.erb_spec.rb": [
        1,
        null,
        1,
        1,
        1,
        1,
        null,
        null,
        1,
        1,
        1,
        null,
        null,
        1,
        1,
        1,
        1,
        1,
        null,
        null,
        null,
        null
      ]
    },
    "timestamp": 1499504097
  }
}
